mode: set
gpsd-api-gateway/internal/main.go:22.20,24.2 1 0
gpsd-api-gateway/internal/main.go:26.41,31.2 4 0
gpsd-api-gateway/internal/main.go:33.27,36.12 2 0
gpsd-api-gateway/internal/main.go:36.12,39.3 2 0
gpsd-api-gateway/internal/main.go:41.2,44.9 3 0
gpsd-api-gateway/internal/main.go:45.29,46.13 1 0
gpsd-api-gateway/internal/main.go:48.18,55.17 5 0
gpsd-api-gateway/internal/main.go:55.17,58.43 2 0
gpsd-api-gateway/internal/main.go:58.43,60.5 1 0
gpsd-api-gateway/internal/main.go:63.3,64.13 2 0
gpsd-api-gateway/internal/main.go:68.53,73.2 3 0
gpsd-api-gateway/internal/main.go:75.50,85.2 2 0
gpsd-api-gateway/internal/main.go:87.49,91.2 3 0
gpsd-api-gateway/internal/main.go:93.19,97.2 3 0
gpsd-api-gateway/internal/main.go:99.13,100.31 1 0
gpsd-api-gateway/internal/main.go:100.31,102.3 1 0
gpsd-api-gateway/internal/gateway/pkg/routes/routes.go:10.55,35.2 16 0
gpsd-api-gateway/internal/gateway/pkg/config/config.go:25.81,28.27 2 1
gpsd-api-gateway/internal/gateway/pkg/config/config.go:28.27,30.20 2 1
gpsd-api-gateway/internal/gateway/pkg/config/config.go:30.20,31.12 1 1
gpsd-api-gateway/internal/gateway/pkg/config/config.go:34.3,38.54 3 1
gpsd-api-gateway/internal/gateway/pkg/config/config.go:38.54,40.4 1 1
gpsd-api-gateway/internal/gateway/pkg/config/config.go:43.2,43.12 1 1
gpsd-api-gateway/internal/gateway/pkg/config/config.go:46.40,66.52 2 1
gpsd-api-gateway/internal/gateway/pkg/config/config.go:66.52,68.3 1 0
gpsd-api-gateway/internal/gateway/pkg/config/config.go:69.2,69.50 1 1
gpsd-api-gateway/internal/gateway/pkg/config/config.go:69.50,71.3 1 0
gpsd-api-gateway/internal/gateway/pkg/config/config.go:72.2,72.60 1 1
gpsd-api-gateway/internal/gateway/pkg/config/config.go:72.60,74.3 1 0
gpsd-api-gateway/internal/gateway/pkg/config/config.go:76.2,76.11 1 1
gpsd-api-gateway/internal/gateway/pkg/config/config.go:79.50,80.48 1 1
gpsd-api-gateway/internal/gateway/pkg/config/config.go:80.48,82.3 1 1
gpsd-api-gateway/internal/gateway/pkg/config/config.go:83.2,83.21 1 1
gpsd-api-gateway/internal/gateway/pkg/handlers/auth.go:20.51,26.2 1 0
gpsd-api-gateway/internal/gateway/pkg/handlers/auth.go:28.75,30.2 1 0
gpsd-api-gateway/internal/gateway/pkg/handlers/auth.go:32.80,33.54 1 0
gpsd-api-gateway/internal/gateway/pkg/handlers/auth.go:33.54,35.61 2 0
gpsd-api-gateway/internal/gateway/pkg/handlers/auth.go:35.61,37.4 1 0
gpsd-api-gateway/internal/gateway/pkg/handlers/auth.go:38.3,39.32 2 0
gpsd-api-gateway/internal/gateway/pkg/handlers/auth.go:41.2,41.73 1 0
gpsd-api-gateway/internal/gateway/pkg/handlers/auth.go:44.72,46.2 1 0
gpsd-api-gateway/internal/gateway/pkg/handlers/auth.go:51.52,54.83 2 0
gpsd-api-gateway/internal/gateway/pkg/handlers/auth.go:54.83,56.3 1 0
gpsd-api-gateway/internal/gateway/pkg/handlers/auth.go:57.2,57.16 1 0
gpsd-api-gateway/internal/gateway/pkg/handlers/auth.go:57.16,59.3 1 0
gpsd-api-gateway/internal/gateway/pkg/handlers/auth.go:61.2,61.18 1 0
gpsd-api-gateway/internal/gateway/pkg/handlers/auth.go:61.18,63.3 1 0
gpsd-api-gateway/internal/gateway/pkg/handlers/auth.go:65.2,66.9 2 0
gpsd-api-gateway/internal/gateway/pkg/handlers/auth.go:66.9,68.3 1 0
gpsd-api-gateway/internal/gateway/pkg/handlers/auth.go:70.2,71.9 2 0
gpsd-api-gateway/internal/gateway/pkg/handlers/auth.go:71.9,73.3 1 0
gpsd-api-gateway/internal/gateway/pkg/handlers/auth.go:75.2,75.36 1 0
gpsd-api-gateway/internal/gateway/pkg/handlers/auth.go:75.36,77.3 1 0
gpsd-api-gateway/internal/gateway/pkg/handlers/auth.go:79.2,79.18 1 0
gpsd-api-gateway/internal/gateway/pkg/handlers/auth.go:82.73,86.22 3 0
gpsd-api-gateway/internal/gateway/pkg/handlers/auth.go:86.22,90.3 3 0
gpsd-api-gateway/internal/gateway/pkg/handlers/auth.go:92.2,93.69 2 0
gpsd-api-gateway/internal/gateway/pkg/handlers/auth.go:93.69,95.3 1 0
gpsd-api-gateway/internal/gateway/pkg/handlers/auth.go:95.8,99.3 3 0
gpsd-api-gateway/internal/gateway/pkg/handlers/auth.go:101.2,102.26 2 0
gpsd-api-gateway/internal/gateway/pkg/handlers/auth.go:102.26,106.3 3 0
gpsd-api-gateway/internal/gateway/pkg/handlers/auth.go:108.2,109.72 2 0
gpsd-api-gateway/internal/gateway/pkg/handlers/common.go:19.119,25.19 4 0
gpsd-api-gateway/internal/gateway/pkg/handlers/common.go:25.19,27.17 2 0
gpsd-api-gateway/internal/gateway/pkg/handlers/common.go:27.17,31.4 3 0
gpsd-api-gateway/internal/gateway/pkg/handlers/common.go:32.3,32.17 1 0
gpsd-api-gateway/internal/gateway/pkg/handlers/common.go:35.2,35.23 1 0
gpsd-api-gateway/internal/gateway/pkg/handlers/common.go:35.23,37.17 2 0
gpsd-api-gateway/internal/gateway/pkg/handlers/common.go:37.17,41.4 3 0
gpsd-api-gateway/internal/gateway/pkg/handlers/common.go:42.3,42.23 1 0
gpsd-api-gateway/internal/gateway/pkg/handlers/common.go:45.2,46.16 2 0
gpsd-api-gateway/internal/gateway/pkg/handlers/common.go:46.16,50.3 3 0
gpsd-api-gateway/internal/gateway/pkg/handlers/common.go:52.2,53.55 2 0
gpsd-api-gateway/internal/gateway/pkg/handlers/common.go:53.55,55.3 1 0
gpsd-api-gateway/internal/gateway/pkg/handlers/common.go:57.2,57.37 1 0
gpsd-api-gateway/internal/gateway/pkg/handlers/common.go:57.37,58.86 1 0
gpsd-api-gateway/internal/gateway/pkg/handlers/common.go:58.86,59.33 1 0
gpsd-api-gateway/internal/gateway/pkg/handlers/common.go:59.33,61.5 1 0
gpsd-api-gateway/internal/gateway/pkg/handlers/common.go:65.2,66.16 2 0
gpsd-api-gateway/internal/gateway/pkg/handlers/common.go:66.16,70.3 3 0
gpsd-api-gateway/internal/gateway/pkg/handlers/common.go:71.2,73.39 2 0
gpsd-api-gateway/internal/gateway/pkg/handlers/common.go:73.39,74.32 1 0
gpsd-api-gateway/internal/gateway/pkg/handlers/common.go:74.32,76.4 1 0
gpsd-api-gateway/internal/gateway/pkg/handlers/common.go:79.2,81.49 2 0
gpsd-api-gateway/internal/gateway/pkg/handlers/common.go:81.49,85.3 3 0
gpsd-api-gateway/internal/gateway/pkg/handlers/handlers.go:9.45,11.2 1 1
gpsd-api-gateway/internal/gateway/pkg/handlers/health.go:22.54,28.16 3 0
gpsd-api-gateway/internal/gateway/pkg/handlers/health.go:28.16,32.3 1 0
gpsd-api-gateway/internal/gateway/pkg/handlers/health.go:33.2,36.67 3 0
gpsd-api-gateway/internal/gateway/pkg/handlers/health.go:36.67,38.3 1 0
gpsd-api-gateway/internal/gateway/pkg/handlers/health.go:40.2,40.16 1 0
gpsd-api-gateway/internal/gateway/pkg/handlers/health.go:43.81,52.51 4 0
gpsd-api-gateway/internal/gateway/pkg/handlers/health.go:52.51,54.3 1 0
gpsd-api-gateway/internal/gateway/pkg/handlers/health.go:55.2,57.29 2 0
gpsd-api-gateway/internal/gateway/pkg/handlers/health.go:57.29,59.3 1 0
gpsd-api-gateway/internal/gateway/pkg/handlers/health.go:59.8,61.3 1 0
gpsd-api-gateway/internal/gateway/pkg/handlers/health.go:63.2,63.60 1 0
gpsd-api-gateway/internal/gateway/pkg/handlers/health.go:63.60,66.3 2 0
gpsd-api-gateway/internal/gateway/pkg/handlers/incident.go:12.55,18.2 1 0
gpsd-api-gateway/internal/gateway/pkg/handlers/incident.go:20.82,22.2 1 0
gpsd-api-gateway/internal/gateway/pkg/handlers/incident.go:24.81,26.2 1 0
gpsd-api-gateway/internal/gateway/pkg/handlers/incident.go:28.82,32.2 3 0
gpsd-api-gateway/internal/gateway/pkg/handlers/incident.go:34.81,38.2 3 0
gpsd-api-gateway/internal/gateway/pkg/handlers/incident.go:40.87,45.2 4 0
gpsd-api-gateway/internal/gateway/pkg/handlers/map.go:10.50,16.2 1 0
gpsd-api-gateway/internal/gateway/pkg/handlers/map.go:18.72,20.2 1 0
gpsd-api-gateway/internal/gateway/pkg/handlers/map.go:22.74,24.2 1 0
gpsd-api-gateway/internal/gateway/pkg/handlers/map.go:26.77,28.2 1 0
gpsd-api-gateway/internal/gateway/pkg/handlers/map.go:30.74,32.2 1 0
